0 info it worked if it ends with ok
1 verbose cli [ '/usr/local/bin/node', '/usr/local/bin/npm', 'start' ]
2 info using npm@2.14.3
3 info using node@v4.1.0
4 verbose run-script [ 'prestart', 'start', 'poststart' ]
5 info prestart server@0.0.0
6 verbose unsafe-perm in lifecycle true
7 info start server@0.0.0
8 verbose unsafe-perm in lifecycle true
9 info server@0.0.0 Failed to exec start script
10 verbose stack Error: server@0.0.0 start: `node ./bin/www`
10 verbose stack Exit status 1
10 verbose stack     at EventEmitter.<anonymous> (/usr/local/lib/node_modules/npm/lib/utils/lifecycle.js:214:16)
10 verbose stack     at emitTwo (events.js:87:13)
10 verbose stack     at EventEmitter.emit (events.js:172:7)
10 verbose stack     at ChildProcess.<anonymous> (/usr/local/lib/node_modules/npm/lib/utils/spawn.js:24:14)
10 verbose stack     at emitTwo (events.js:87:13)
10 verbose stack     at ChildProcess.emit (events.js:172:7)
10 verbose stack     at maybeClose (internal/child_process.js:817:16)
10 verbose stack     at Process.ChildProcess._handle.onexit (internal/child_process.js:211:5)
11 verbose pkgid server@0.0.0
12 verbose cwd /Users/Sven/WebstormProjects/Bachelorarbeit
13 error Darwin 17.4.0
14 error argv "/usr/local/bin/node" "/usr/local/bin/npm" "start"
15 error node v4.1.0
16 error npm  v2.14.3
17 error code ELIFECYCLE
18 error server@0.0.0 start: `node ./bin/www`
18 error Exit status 1
19 error Failed at the server@0.0.0 start script 'node ./bin/www'.
19 error This is most likely a problem with the server package,
19 error not with npm itself.
19 error Tell the author that this fails on your system:
19 error     node ./bin/www
19 error You can get their info via:
19 error     npm owner ls server
19 error There is likely additional logging output above.
20 verbose exit [ 1, true ]
